<?xml version="1.0" encoding="UTF-8"?>
<testsuite xmlns:xsi="http://www.w3.org/2001/XMLSchema-instance" xsi:noNamespaceSchemaLocation="https://maven.apache.org/surefire/maven-surefire-plugin/xsd/surefire-test-report-3.0.xsd" version="3.0" name="com.nrapendra.controllers.GarageControllerTest" time="139.937" tests="8" errors="0" skipped="0" failures="0">
  <properties>
[...]
</properties>
  <testcase name="exitVehicle" classname="com.nrapendra.controllers.GarageControllerTest" time="14.999">
    <system-out><![CDATA[
  .   ____          _            __ _ _
 /\\ / ___'_ __ _ _(_)_ __  __ _ \ \ \ \
( ( )\___ | '_ | '_| | '_ \/ _` | \ \ \ \
 \\/  ___)| |_)| | | | | || (_| |  ) ) ) )
  '  |____| .__|_| |_|_| |_\__, | / / / /
 =========|_|==============|___/=/_/_/_/
 :: Spring Boot ::                (v3.2.1)

2024-06-27T01:37:36.571+02:00  INFO 12360 --- [           main] c.n.controllers.GarageControllerTest     : Starting GarageControllerTest using Java 17.0.11 with PID 12360 (started by triva in C:\Users\triva\IdeaProjects\GarageManagementApp\YsuraTask-master)
2024-06-27T01:37:36.582+02:00  INFO 12360 --- [           main] c.n.controllers.GarageControllerTest     : No active profile set, falling back to 1 default profile: "default"
2024-06-27T01:37:54.934+02:00  INFO 12360 --- [           main] .s.d.r.c.RepositoryConfigurationDelegate : Bootstrapping Spring Data JPA repositories in DEFAULT mode.
2024-06-27T01:37:55.573+02:00  INFO 12360 --- [           main] .s.d.r.c.RepositoryConfigurationDelegate : Finished Spring Data repository scanning in 576 ms. Found 2 JPA repository interfaces.
2024-06-27T01:38:14.710+02:00  INFO 12360 --- [           main] o.s.b.w.embedded.tomcat.TomcatWebServer  : Tomcat initialized with port 0 (http)
2024-06-27T01:38:14.845+02:00  INFO 12360 --- [           main] o.apache.catalina.core.StandardService   : Starting service [Tomcat]
2024-06-27T01:38:14.848+02:00  INFO 12360 --- [           main] o.apache.catalina.core.StandardEngine    : Starting Servlet engine: [Apache Tomcat/10.1.17]
2024-06-27T01:38:16.726+02:00  INFO 12360 --- [           main] o.a.c.c.C.[Tomcat].[localhost].[/]       : Initializing Spring embedded WebApplicationContext
2024-06-27T01:38:16.734+02:00  INFO 12360 --- [           main] w.s.c.ServletWebServerApplicationContext : Root WebApplicationContext: initialization completed in 39700 ms
2024-06-27T01:38:23.412+02:00  INFO 12360 --- [           main] o.hibernate.jpa.internal.util.LogHelper  : HHH000204: Processing PersistenceUnitInfo [name: default]
2024-06-27T01:38:25.783+02:00  INFO 12360 --- [           main] org.hibernate.Version                    : HHH000412: Hibernate ORM core version 6.4.1.Final
2024-06-27T01:38:26.237+02:00  INFO 12360 --- [           main] o.h.c.internal.RegionFactoryInitiator    : HHH000026: Second-level cache disabled
2024-06-27T01:38:32.715+02:00  INFO 12360 --- [           main] o.s.o.j.p.SpringPersistenceUnitInfo      : No LoadTimeWeaver setup: ignoring JPA class transformer
2024-06-27T01:38:34.494+02:00  INFO 12360 --- [           main] com.zaxxer.hikari.HikariDataSource       : HikariPool-1 - Starting...
2024-06-27T01:38:39.134+02:00  INFO 12360 --- [           main] com.zaxxer.hikari.pool.HikariPool        : HikariPool-1 - Added connection conn0: url=jdbc:h2:mem:db user=SA
2024-06-27T01:38:39.142+02:00  INFO 12360 --- [           main] com.zaxxer.hikari.HikariDataSource       : HikariPool-1 - Start completed.
2024-06-27T01:38:58.350+02:00  INFO 12360 --- [           main] o.h.e.t.j.p.i.JtaPlatformInitiator       : HHH000489: No JTA platform available (set 'hibernate.transaction.jta.platform' to enable JTA platform integration)
Hibernate: drop table if exists parkingvehiclelocation cascade 
Hibernate: drop table if exists vehicleinformation cascade 
Hibernate: drop sequence if exists parkingvehiclelocation_seq
Hibernate: drop sequence if exists vehicleinformation_seq
Hibernate: create sequence parkingvehiclelocation_seq start with 1 increment by 50
Hibernate: create sequence vehicleinformation_seq start with 1 increment by 50
Hibernate: create table parkingvehiclelocation (level_number integer, parking_vehicle_location_id integer not null, vehicle_location_number integer, primary key (parking_vehicle_location_id))
Hibernate: create table vehicleinformation (vehicle_parking_location_id integer unique, id bigint not null, vehicle_enter_date timestamp(6), vehicle_number varchar(255), vehicle_type varchar(255) check (vehicle_type in ('CAR','MOTORBIKE')), primary key (id))
Hibernate: alter table if exists vehicleinformation add constraint FKo841hbgvv499thj4exh6xamsa foreign key (vehicle_parking_location_id) references parkingvehiclelocation
2024-06-27T01:38:59.605+02:00  INFO 12360 --- [           main] j.LocalContainerEntityManagerFactoryBean : Initialized JPA EntityManagerFactory for persistence unit 'default'
2024-06-27T01:39:11.326+02:00  INFO 12360 --- [           main] o.s.b.w.embedded.tomcat.TomcatWebServer  : Tomcat started on port 57693 (http) with context path ''
2024-06-27T01:39:11.488+02:00  WARN 12360 --- [           main] JpaBaseConfiguration$JpaWebConfiguration : spring.jpa.open-in-view is enabled by default. Therefore, database queries may be performed during view rendering. Explicitly configure spring.jpa.open-in-view to disable this warning
2024-06-27T01:39:15.797+02:00  INFO 12360 --- [           main] c.n.controllers.GarageControllerTest     : Started GarageControllerTest in 107.667 seconds (process running for 129.65)
Hibernate: select vi1_0.id,vi1_0.vehicle_enter_date,vi1_0.vehicle_number,vi1_0.vehicle_parking_location_id,vi1_0.vehicle_type from vehicleinformation vi1_0
Hibernate: select pvl1_0.parking_vehicle_location_id,pvl1_0.level_number,pvl1_0.vehicle_location_number from parkingvehiclelocation pvl1_0
2024-06-27T01:39:25.345+02:00  INFO 12360 --- [o-auto-1-exec-1] o.a.c.c.C.[Tomcat].[localhost].[/]       : Initializing Spring DispatcherServlet 'dispatcherServlet'
2024-06-27T01:39:25.347+02:00  INFO 12360 --- [o-auto-1-exec-1] o.s.web.servlet.DispatcherServlet        : Initializing Servlet 'dispatcherServlet'
2024-06-27T01:39:26.521+02:00  INFO 12360 --- [o-auto-1-exec-1] o.s.web.servlet.DispatcherServlet        : Completed initialization in 1169 ms
2024-06-27T01:39:29.566+02:00  INFO 12360 --- [o-auto-1-exec-1] o.s.s.web.DefaultSecurityFilterChain     : Will secure any request with [org.springframework.security.web.session.DisableEncodeUrlFilter@672d6e0c, org.springframework.security.web.context.request.async.WebAsyncManagerIntegrationFilter@4b4ea72a, org.springframework.security.web.context.SecurityContextHolderFilter@41cb7c3, org.springframework.security.web.header.HeaderWriterFilter@5162068a, org.springframework.web.filter.CorsFilter@24b1d9b5, org.springframework.security.web.authentication.logout.LogoutFilter@7e550587, org.springframework.security.web.authentication.www.BasicAuthenticationFilter@6259d2d9, org.springframework.security.web.savedrequest.RequestCacheAwareFilter@73bfc6a1, org.springframework.security.web.servletapi.SecurityContextHolderAwareRequestFilter@fe70e9d, org.springframework.security.web.authentication.AnonymousAuthenticationFilter@7258e47c, org.springframework.security.web.access.ExceptionTranslationFilter@7efa676a, org.springframework.security.web.access.intercept.FilterSecurityInterceptor@23ddc38e]
Hibernate: select vi1_0.id,vi1_0.vehicle_enter_date,vi1_0.vehicle_number,vi1_0.vehicle_parking_location_id,vi1_0.vehicle_type from vehicleinformation vi1_0 where vi1_0.vehicle_number=?
Hibernate: select pvl1_0.parking_vehicle_location_id,pvl1_0.level_number,pvl1_0.vehicle_location_number from parkingvehiclelocation pvl1_0
Hibernate: select pvl1_0.parking_vehicle_location_id,pvl1_0.level_number,pvl1_0.vehicle_location_number from parkingvehiclelocation pvl1_0
Hibernate: select next value for vehicleinformation_seq
Hibernate: select next value for parkingvehiclelocation_seq
Hibernate: insert into parkingvehiclelocation (level_number,vehicle_location_number,parking_vehicle_location_id) values (?,?,?)
Hibernate: insert into vehicleinformation (vehicle_enter_date,vehicle_number,vehicle_parking_location_id,vehicle_type,id) values (?,?,?,?,?)
Hibernate: select vi1_0.id,vi1_0.vehicle_enter_date,vi1_0.vehicle_number,vi1_0.vehicle_parking_location_id,vi1_0.vehicle_type from vehicleinformation vi1_0 where vi1_0.vehicle_number=?
Hibernate: delete from vehicleinformation where id=?
Hibernate: delete from parkingvehiclelocation where parking_vehicle_location_id=?
]]></system-out>
  </testcase>
  <testcase name="vehicleAlreadyExist" classname="com.nrapendra.controllers.GarageControllerTest" time="0.231">
    <system-out><![CDATA[Hibernate: select vi1_0.id,vi1_0.vehicle_enter_date,vi1_0.vehicle_number,vi1_0.vehicle_parking_location_id,vi1_0.vehicle_type from vehicleinformation vi1_0
Hibernate: select pvl1_0.parking_vehicle_location_id,pvl1_0.level_number,pvl1_0.vehicle_location_number from parkingvehiclelocation pvl1_0
Hibernate: select vi1_0.id,vi1_0.vehicle_enter_date,vi1_0.vehicle_number,vi1_0.vehicle_parking_location_id,vi1_0.vehicle_type from vehicleinformation vi1_0 where vi1_0.vehicle_number=?
Hibernate: select pvl1_0.parking_vehicle_location_id,pvl1_0.level_number,pvl1_0.vehicle_location_number from parkingvehiclelocation pvl1_0
Hibernate: select pvl1_0.parking_vehicle_location_id,pvl1_0.level_number,pvl1_0.vehicle_location_number from parkingvehiclelocation pvl1_0
Hibernate: select next value for vehicleinformation_seq
Hibernate: select next value for parkingvehiclelocation_seq
Hibernate: insert into parkingvehiclelocation (level_number,vehicle_location_number,parking_vehicle_location_id) values (?,?,?)
Hibernate: insert into vehicleinformation (vehicle_enter_date,vehicle_number,vehicle_parking_location_id,vehicle_type,id) values (?,?,?,?,?)
Hibernate: select vi1_0.id,vi1_0.vehicle_enter_date,vi1_0.vehicle_number,vi1_0.vehicle_parking_location_id,vi1_0.vehicle_type from vehicleinformation vi1_0 where vi1_0.vehicle_number=?
]]></system-out>
  </testcase>
  <testcase name="getVehicleLocationWithCorrectUserNameAndPassword" classname="com.nrapendra.controllers.GarageControllerTest" time="1.587">
    <system-out><![CDATA[Hibernate: select vi1_0.id,vi1_0.vehicle_enter_date,vi1_0.vehicle_number,vi1_0.vehicle_parking_location_id,vi1_0.vehicle_type from vehicleinformation vi1_0
Hibernate: delete from vehicleinformation where id=?
Hibernate: delete from parkingvehiclelocation where parking_vehicle_location_id=?
Hibernate: select pvl1_0.parking_vehicle_location_id,pvl1_0.level_number,pvl1_0.vehicle_location_number from parkingvehiclelocation pvl1_0
Hibernate: select pvl1_0.parking_vehicle_location_id,pvl1_0.level_number,pvl1_0.vehicle_location_number from parkingvehiclelocation pvl1_0 where pvl1_0.parking_vehicle_location_id=?
Hibernate: insert into parkingvehiclelocation (level_number,vehicle_location_number,parking_vehicle_location_id) values (?,?,?)
Hibernate: select vi1_0.id,vi1_0.vehicle_enter_date,vi1_0.vehicle_number,vi1_0.vehicle_parking_location_id,vi1_0.vehicle_type from vehicleinformation vi1_0 where vi1_0.id=?
Hibernate: insert into vehicleinformation (vehicle_enter_date,vehicle_number,vehicle_parking_location_id,vehicle_type,id) values (?,?,?,?,?)
Hibernate: select vi1_0.id,vi1_0.vehicle_enter_date,vi1_0.vehicle_number,vi1_0.vehicle_parking_location_id,vi1_0.vehicle_type from vehicleinformation vi1_0 where vi1_0.vehicle_number=?
Hibernate: select pvl1_0.parking_vehicle_location_id,pvl1_0.level_number,pvl1_0.vehicle_location_number from parkingvehiclelocation pvl1_0 where pvl1_0.parking_vehicle_location_id=?
]]></system-out>
  </testcase>
  <testcase name="vehicleDoesNotExist" classname="com.nrapendra.controllers.GarageControllerTest" time="0.133">
    <system-out><![CDATA[Hibernate: select vi1_0.id,vi1_0.vehicle_enter_date,vi1_0.vehicle_number,vi1_0.vehicle_parking_location_id,vi1_0.vehicle_type from vehicleinformation vi1_0
Hibernate: delete from vehicleinformation where id=?
Hibernate: delete from parkingvehiclelocation where parking_vehicle_location_id=?
Hibernate: select pvl1_0.parking_vehicle_location_id,pvl1_0.level_number,pvl1_0.vehicle_location_number from parkingvehiclelocation pvl1_0
Hibernate: select vi1_0.id,vi1_0.vehicle_enter_date,vi1_0.vehicle_number,vi1_0.vehicle_parking_location_id,vi1_0.vehicle_type from vehicleinformation vi1_0 where vi1_0.vehicle_number=?
]]></system-out>
  </testcase>
  <testcase name="enterVehicle" classname="com.nrapendra.controllers.GarageControllerTest" time="0.144">
    <system-out><![CDATA[Hibernate: select vi1_0.id,vi1_0.vehicle_enter_date,vi1_0.vehicle_number,vi1_0.vehicle_parking_location_id,vi1_0.vehicle_type from vehicleinformation vi1_0
Hibernate: select pvl1_0.parking_vehicle_location_id,pvl1_0.level_number,pvl1_0.vehicle_location_number from parkingvehiclelocation pvl1_0
Hibernate: select vi1_0.id,vi1_0.vehicle_enter_date,vi1_0.vehicle_number,vi1_0.vehicle_parking_location_id,vi1_0.vehicle_type from vehicleinformation vi1_0 where vi1_0.vehicle_number=?
Hibernate: select pvl1_0.parking_vehicle_location_id,pvl1_0.level_number,pvl1_0.vehicle_location_number from parkingvehiclelocation pvl1_0
Hibernate: select pvl1_0.parking_vehicle_location_id,pvl1_0.level_number,pvl1_0.vehicle_location_number from parkingvehiclelocation pvl1_0
Hibernate: insert into parkingvehiclelocation (level_number,vehicle_location_number,parking_vehicle_location_id) values (?,?,?)
Hibernate: insert into vehicleinformation (vehicle_enter_date,vehicle_number,vehicle_parking_location_id,vehicle_type,id) values (?,?,?,?,?)
]]></system-out>
  </testcase>
  <testcase name="getVehicleLocationWithWrongUserAndWrongPassword" classname="com.nrapendra.controllers.GarageControllerTest" time="0.592">
    <system-out><![CDATA[Hibernate: select vi1_0.id,vi1_0.vehicle_enter_date,vi1_0.vehicle_number,vi1_0.vehicle_parking_location_id,vi1_0.vehicle_type from vehicleinformation vi1_0
Hibernate: delete from vehicleinformation where id=?
Hibernate: delete from parkingvehiclelocation where parking_vehicle_location_id=?
Hibernate: select pvl1_0.parking_vehicle_location_id,pvl1_0.level_number,pvl1_0.vehicle_location_number from parkingvehiclelocation pvl1_0
Hibernate: select pvl1_0.parking_vehicle_location_id,pvl1_0.level_number,pvl1_0.vehicle_location_number from parkingvehiclelocation pvl1_0 where pvl1_0.parking_vehicle_location_id=?
Hibernate: insert into parkingvehiclelocation (level_number,vehicle_location_number,parking_vehicle_location_id) values (?,?,?)
Hibernate: select vi1_0.id,vi1_0.vehicle_enter_date,vi1_0.vehicle_number,vi1_0.vehicle_parking_location_id,vi1_0.vehicle_type from vehicleinformation vi1_0 where vi1_0.id=?
Hibernate: insert into vehicleinformation (vehicle_enter_date,vehicle_number,vehicle_parking_location_id,vehicle_type,id) values (?,?,?,?,?)
]]></system-out>
  </testcase>
  <testcase name="getAllFreeSpacesWithInCorrectUsernameAndInCorrectPassword" classname="com.nrapendra.controllers.GarageControllerTest" time="0.31">
    <system-out><![CDATA[Hibernate: select vi1_0.id,vi1_0.vehicle_enter_date,vi1_0.vehicle_number,vi1_0.vehicle_parking_location_id,vi1_0.vehicle_type from vehicleinformation vi1_0
Hibernate: delete from vehicleinformation where id=?
Hibernate: delete from parkingvehiclelocation where parking_vehicle_location_id=?
Hibernate: select pvl1_0.parking_vehicle_location_id,pvl1_0.level_number,pvl1_0.vehicle_location_number from parkingvehiclelocation pvl1_0
]]></system-out>
  </testcase>
  <testcase name="getAllFreeSpacesWithCorrectUsernameAndCorrectPassword" classname="com.nrapendra.controllers.GarageControllerTest" time="0.248">
    <system-out><![CDATA[Hibernate: select vi1_0.id,vi1_0.vehicle_enter_date,vi1_0.vehicle_number,vi1_0.vehicle_parking_location_id,vi1_0.vehicle_type from vehicleinformation vi1_0
Hibernate: select pvl1_0.parking_vehicle_location_id,pvl1_0.level_number,pvl1_0.vehicle_location_number from parkingvehiclelocation pvl1_0
Hibernate: select pvl1_0.parking_vehicle_location_id,pvl1_0.level_number,pvl1_0.vehicle_location_number from parkingvehiclelocation pvl1_0
]]></system-out>
  </testcase>
</testsuite>